0 info it worked if it ends with ok
1 verbose cli [ 'C:\\Archivos de programa\\nodejs\\node.exe',
1 verbose cli   'C:\\Users\\ruben.moreno\\AppData\\Roaming\\npm\\node_modules\\npm\\bin\\npm-cli.js',
1 verbose cli   'run',
1 verbose cli   'server' ]
2 info using npm@4.0.2
3 info using node@v7.0.0
4 verbose run-script [ 'preserver', 'server', 'postserver' ]
5 info lifecycle universal-starter@2.0.0~preserver: universal-starter@2.0.0
6 silly lifecycle universal-starter@2.0.0~preserver: no script for preserver, continuing
7 info lifecycle universal-starter@2.0.0~server: universal-starter@2.0.0
8 verbose lifecycle universal-starter@2.0.0~server: unsafe-perm in lifecycle true
9 verbose lifecycle universal-starter@2.0.0~server: PATH: C:\Users\ruben.moreno\AppData\Roaming\npm\node_modules\npm\bin\node-gyp-bin;C:\workingfolder\formacion-isban\Angular 2\Jornada 10 - Angular 2 Angular Universal Prerenderizado en servidor o cliente\universal-starter-master\node_modules\.bin;C:\Python27\Lib\site-packages\PyQt4;C:\Python27\;C:\Python27\Scripts;C:\ProgramData\Oracle\Java\javapath;C:\Program Files (x86)\Intel\iCLS Client\;C:\Program Files\Intel\iCLS Client\;C:\WINDOWS\system32;C:\WINDOWS;C:\WINDOWS\System32\Wbem;C:\WINDOWS\System32\WindowsPowerShell\v1.0\;C:\Program Files\Intel\Intel(R) Management Engine Components\DAL;C:\Program Files\Intel\Intel(R) Management Engine Components\IPT;C:\Program Files (x86)\Intel\Intel(R) Management Engine Components\DAL;C:\Program Files (x86)\Intel\Intel(R) Management Engine Components\IPT;C:\Program Files\Intel\WiFi\bin\;C:\Program Files\Common Files\Intel\WirelessCommon\;C:\Program Files\Git\cmd;C:\Archivos de programa\nodejs;C:\apache-maven-3.3.9\bin;C:\Ruby22-x64\bin;C:\Program Files (x86)\WinMerge;C:\Program Files\Java\jdk1.8.0_73\bin;C:\Java\apache-maven-3.3.9\bin;C:\WINDOWS\system32\config\systemprofile\.dnx\bin;C:\Program Files\Microsoft DNX\Dnvm\;C:\Program Files (x86)\Windows Kits\10\Windows Performance Toolkit\;C:\Program Files (x86)\Microsoft Emulator Manager\1.0\;C:\Program Files (x86)\GtkSharp\2.12\bin;C:\Program Files (x86)\MySQL\MySQL Fabric 1.5 & MySQL Utilities 1.5\;C:\Program Files (x86)\MySQL\MySQL Fabric 1.5 & MySQL Utilities 1.5\Doctrine extensions for PHP\;C:\Program Files\jEdit;C:\Program Files\OpenVPN\bin;C:\Program Files\nodejs\;C:\Program Files\Microsoft SQL Server\Client SDK\ODBC\110\Tools\Binn\;C:\Program Files (x86)\Microsoft SQL Server\120\Tools\Binn\;C:\Program Files\Microsoft SQL Server\120\Tools\Binn\;C:\Program Files\Microsoft SQL Server\120\DTS\Binn\;C:\Program Files (x86)\Microsoft SQL Server\120\Tools\Binn\ManagementStudio\;C:\Program Files (x86)\Microsoft SQL Server\120\DTS\Binn\;C:\Users\ruben.moreno\.dnx\bin;C:\Python27;C:\Users\ruben.moreno\AppData\Local\Google\Cloud SDK\google-cloud-sdk\bin;C:\Users\ruben.moreno\AppData\Local\Microsoft\WindowsApps;C:\Users\ruben.moreno\AppData\Local\atom\bin;C:\Program Files (x86)\Microsoft VS Code Insiders\bin;C:\Users\ruben.moreno\AppData\Roaming\npm
10 verbose lifecycle universal-starter@2.0.0~server: CWD: C:\workingfolder\formacion-isban\Angular 2\Jornada 10 - Angular 2 Angular Universal Prerenderizado en servidor o cliente\universal-starter-master
11 silly lifecycle universal-starter@2.0.0~server: Args: [ '/d /s /c', 'nodemon dist/server/index.js' ]
12 silly lifecycle universal-starter@2.0.0~server: Returned: code: 3221225786  signal: null
13 info lifecycle universal-starter@2.0.0~server: Failed to exec server script
14 verbose stack Error: universal-starter@2.0.0 server: `nodemon dist/server/index.js`
14 verbose stack Exit status 3221225786
14 verbose stack     at EventEmitter.<anonymous> (C:\Users\ruben.moreno\AppData\Roaming\npm\node_modules\npm\lib\utils\lifecycle.js:279:16)
14 verbose stack     at emitTwo (events.js:106:13)
14 verbose stack     at EventEmitter.emit (events.js:191:7)
14 verbose stack     at ChildProcess.<anonymous> (C:\Users\ruben.moreno\AppData\Roaming\npm\node_modules\npm\lib\utils\spawn.js:40:14)
14 verbose stack     at emitTwo (events.js:106:13)
14 verbose stack     at ChildProcess.emit (events.js:191:7)
14 verbose stack     at maybeClose (internal/child_process.js:877:16)
14 verbose stack     at Process.ChildProcess._handle.onexit (internal/child_process.js:226:5)
15 verbose pkgid universal-starter@2.0.0
16 verbose cwd C:\workingfolder\formacion-isban\Angular 2\Jornada 10 - Angular 2 Angular Universal Prerenderizado en servidor o cliente\universal-starter-master
17 error Windows_NT 10.0.14393
18 error argv "C:\\Archivos de programa\\nodejs\\node.exe" "C:\\Users\\ruben.moreno\\AppData\\Roaming\\npm\\node_modules\\npm\\bin\\npm-cli.js" "run" "server"
19 error node v7.0.0
20 error npm  v4.0.2
21 error code ELIFECYCLE
22 error universal-starter@2.0.0 server: `nodemon dist/server/index.js`
22 error Exit status 3221225786
23 error Failed at the universal-starter@2.0.0 server script 'nodemon dist/server/index.js'.
23 error Make sure you have the latest version of node.js and npm installed.
23 error If you do, this is most likely a problem with the universal-starter package,
23 error not with npm itself.
23 error Tell the author that this fails on your system:
23 error     nodemon dist/server/index.js
23 error You can get information on how to open an issue for this project with:
23 error     npm bugs universal-starter
23 error Or if that isn't available, you can get their info via:
23 error     npm owner ls universal-starter
23 error There is likely additional logging output above.
24 verbose exit [ 1, true ]
