0 info it worked if it ends with ok
1 verbose cli [ 'C:\\Program Files\\nodejs\\node.exe',
1 verbose cli   'C:\\Program Files\\nodejs\\node_modules\\npm\\bin\\npm-cli.js',
1 verbose cli   'start' ]
2 info using npm@3.10.9
3 info using node@v7.1.0
4 verbose run-script [ 'prestart', 'start', 'poststart' ]
5 info lifecycle mini-demo@1.0.0~prestart: mini-demo@1.0.0
6 silly lifecycle mini-demo@1.0.0~prestart: no script for prestart, continuing
7 info lifecycle mini-demo@1.0.0~start: mini-demo@1.0.0
8 verbose lifecycle mini-demo@1.0.0~start: unsafe-perm in lifecycle true
9 verbose lifecycle mini-demo@1.0.0~start: PATH: C:\Program Files\nodejs\node_modules\npm\bin\node-gyp-bin;E:\workingfolder\formacion-isban\Angular 2\Jornada 3\mini-demo\node_modules\.bin;C:\WINDOWS\system32;C:\WINDOWS;C:\WINDOWS\System32\Wbem;C:\WINDOWS\System32\WindowsPowerShell\v1.0\;C:\Program Files\Git\cmd;C:\Program Files\Microsoft SQL Server\Client SDK\ODBC\110\Tools\Binn\;C:\Program Files\Microsoft SQL Server\120\Tools\Binn\ManagementStudio\;C:\Program Files\Microsoft SQL Server\120\Tools\Binn\;C:\Program Files\Microsoft SQL Server\120\DTS\Binn\;C:\Program Files\OpenVPN\bin;C:\Program Files\nodejs\;;C:\Python27;C:\Python27\Scripts;C:\Program Files\Microsoft VS Code Insiders\bin;C:\Program Files\MongoDB\Server\3.2\bin;C:\Users\ruben\AppData\Local\Microsoft\WindowsApps;C:\Users\ruben\AppData\Roaming\npm
10 verbose lifecycle mini-demo@1.0.0~start: CWD: E:\workingfolder\formacion-isban\Angular 2\Jornada 3\mini-demo
11 silly lifecycle mini-demo@1.0.0~start: Args: [ '/d /s /c', 'http-server -a localhost -p 8000 -c-1 ./' ]
12 silly lifecycle mini-demo@1.0.0~start: Returned: code: 3221225786  signal: null
13 info lifecycle mini-demo@1.0.0~start: Failed to exec start script
14 verbose stack Error: mini-demo@1.0.0 start: `http-server -a localhost -p 8000 -c-1 ./`
14 verbose stack Exit status 3221225786
14 verbose stack     at EventEmitter.<anonymous> (C:\Program Files\nodejs\node_modules\npm\lib\utils\lifecycle.js:255:16)
14 verbose stack     at emitTwo (events.js:106:13)
14 verbose stack     at EventEmitter.emit (events.js:191:7)
14 verbose stack     at ChildProcess.<anonymous> (C:\Program Files\nodejs\node_modules\npm\lib\utils\spawn.js:40:14)
14 verbose stack     at emitTwo (events.js:106:13)
14 verbose stack     at ChildProcess.emit (events.js:191:7)
14 verbose stack     at maybeClose (internal/child_process.js:885:16)
14 verbose stack     at Process.ChildProcess._handle.onexit (internal/child_process.js:226:5)
15 verbose pkgid mini-demo@1.0.0
16 verbose cwd E:\workingfolder\formacion-isban\Angular 2\Jornada 3\mini-demo
17 error Windows_NT 10.0.14393
18 error argv "C:\\Program Files\\nodejs\\node.exe" "C:\\Program Files\\nodejs\\node_modules\\npm\\bin\\npm-cli.js" "start"
19 error node v7.1.0
20 error npm  v3.10.9
21 error code ELIFECYCLE
22 error mini-demo@1.0.0 start: `http-server -a localhost -p 8000 -c-1 ./`
22 error Exit status 3221225786
23 error Failed at the mini-demo@1.0.0 start script 'http-server -a localhost -p 8000 -c-1 ./'.
23 error Make sure you have the latest version of node.js and npm installed.
23 error If you do, this is most likely a problem with the mini-demo package,
23 error not with npm itself.
23 error Tell the author that this fails on your system:
23 error     http-server -a localhost -p 8000 -c-1 ./
23 error You can get information on how to open an issue for this project with:
23 error     npm bugs mini-demo
23 error Or if that isn't available, you can get their info via:
23 error     npm owner ls mini-demo
23 error There is likely additional logging output above.
24 verbose exit [ 1, true ]
