0 info it worked if it ends with ok
1 verbose cli [ 'C:\\Program Files\\nodejs\\node.exe',
1 verbose cli   'C:\\Program Files\\nodejs\\node_modules\\npm\\bin\\npm-cli.js',
1 verbose cli   'link',
1 verbose cli   'express' ]
2 info using npm@2.15.9
3 info using node@v4.6.0
4 verbose link symlinking C:\Users\ruben\AppData\Roaming\npm\node_modules\express to D:\workingfolder\formacion-isban\Jornada 2\node_modules\express
5 silly gentlyRm D:\workingfolder\formacion-isban\Jornada 2\node_modules\express is being purged
6 verbose gentlyRm don't care about contents; nuking D:\workingfolder\formacion-isban\Jornada 2\node_modules\express
7 verbose stack Error: EISDIR: illegal operation on a directory, symlink 'C:\Users\ruben\AppData\Roaming\npm\node_modules\express' -> 'D:\workingfolder\formacion-isban\Jornada 2\node_modules\express'
7 verbose stack     at Error (native)
8 verbose cwd D:\workingfolder\formacion-isban\Jornada 2
9 error Windows_NT 10.0.14393
10 error argv "C:\\Program Files\\nodejs\\node.exe" "C:\\Program Files\\nodejs\\node_modules\\npm\\bin\\npm-cli.js" "link" "express"
11 error node v4.6.0
12 error npm  v2.15.9
13 error path C:\Users\ruben\AppData\Roaming\npm\node_modules\express
14 error code EISDIR
15 error errno -4068
16 error syscall symlink
17 error eisdir EISDIR: illegal operation on a directory, symlink 'C:\Users\ruben\AppData\Roaming\npm\node_modules\express' -> 'D:\workingfolder\formacion-isban\Jornada 2\node_modules\express'
17 error eisdir This is most likely not a problem with npm itself
17 error eisdir and is related to npm not being able to find a package.json in
17 error eisdir a package you are trying to install.
18 verbose exit [ -4068, true ]
